# JRE version: OpenJDK Runtime Environment 18.9 (11.0.16+8) (build 11.0.16+8)
# Java VM: OpenJDK 64-Bit Server VM 18.9 (11.0.16+8, mixed mode, tiered, compressed oops, g1 gc, windows-amd64)
Heap:
 garbage-first heap   total 284672K, used 108544K [0x0000000741600000, 0x0000000800000000)
  region size 1024K, 47 young (48128K), 8 survivors (8192K)
 Metaspace       used 68806K, capacity 69688K, committed 69852K, reserved 1112064K
  class space    used 7617K, capacity 7981K, committed 8064K, reserved 1048576K
GC Heap History (20 events):
Event: 0.688 GC heap before
{Heap before GC invocations=0 (full 0):
 garbage-first heap   total 196608K, used 27648K [0x0000000741600000, 0x0000000800000000)
  region size 1024K, 24 young (24576K), 0 survivors (0K)
 Metaspace       used 12387K, capacity 12504K, committed 12800K, reserved 1060864K
  class space    used 1150K, capacity 1207K, committed 1280K, reserved 1048576K
}
Event: 0.692 GC heap after
{Heap after GC invocations=1 (full 0):
 garbage-first heap   total 196608K, used 6064K [0x0000000741600000, 0x0000000800000000)
  region size 1024K, 3 young (3072K), 3 survivors (3072K)
 Metaspace       used 12387K, capacity 12504K, committed 12800K, reserved 1060864K
  class space    used 1150K, capacity 1207K, committed 1280K, reserved 1048576K
}
Event: 1.596 GC heap before
{Heap before GC invocations=1 (full 0):
 garbage-first heap   total 196608K, used 41904K [0x0000000741600000, 0x0000000800000000)
  region size 1024K, 39 young (39936K), 3 survivors (3072K)
 Metaspace       used 21002K, capacity 21182K, committed 21248K, reserved 1069056K
  class space    used 2214K, capacity 2280K, committed 2304K, reserved 1048576K
}
Event: 1.620 GC heap after
{Heap after GC invocations=2 (full 0):
 garbage-first heap   total 196608K, used 9438K [0x0000000741600000, 0x0000000800000000)
  region size 1024K, 7 young (7168K), 7 survivors (7168K)
 Metaspace       used 21002K, capacity 21182K, committed 21248K, reserved 1069056K
  class space    used 2214K, capacity 2280K, committed 2304K, reserved 1048576K
}
Event: 2.758 GC heap before
{Heap before GC invocations=3 (full 0):
 garbage-first heap   total 196608K, used 63710K [0x0000000741600000, 0x0000000800000000)
  region size 1024K, 55 young (56320K), 7 survivors (7168K)
 Metaspace       used 32252K, capacity 32671K, committed 32892K, reserved 1077248K
  class space    used 3999K, capacity 4182K, committed 4224K, reserved 1048576K
}
Event: 2.778 GC heap after
{Heap after GC invocations=4 (full 0):
 garbage-first heap   total 196608K, used 20663K [0x0000000741600000, 0x0000000800000000)
  region size 1024K, 7 young (7168K), 7 survivors (7168K)
 Metaspace       used 32252K, capacity 32671K, committed 32892K, reserved 1077248K
  class space    used 3999K, capacity 4182K, committed 4224K, reserved 1048576K
}
Event: 3.088 GC heap before
{Heap before GC invocations=4 (full 0):
 garbage-first heap   total 196608K, used 31927K [0x0000000741600000, 0x0000000800000000)
  region size 1024K, 18 young (18432K), 7 survivors (7168K)
 Metaspace       used 34850K, capacity 35338K, committed 35452K, reserved 1081344K
  class space    used 4285K, capacity 4474K, committed 4480K, reserved 1048576K
}
Event: 3.099 GC heap after
{Heap after GC invocations=5 (full 0):
 garbage-first heap   total 196608K, used 22552K [0x0000000741600000, 0x0000000800000000)
  region size 1024K, 2 young (2048K), 2 survivors (2048K)
 Metaspace       used 34850K, capacity 35338K, committed 35452K, reserved 1081344K
  class space    used 4285K, capacity 4474K, committed 4480K, reserved 1048576K
}
Event: 3.167 GC heap before
{Heap before GC invocations=5 (full 0):
 garbage-first heap   total 196608K, used 25624K [0x0000000741600000, 0x0000000800000000)
  region size 1024K, 6 young (6144K), 2 survivors (2048K)
 Metaspace       used 35436K, capacity 35850K, committed 36048K, reserved 1081344K
  class space    used 4349K, capacity 4538K, committed 4608K, reserved 1048576K
}
Event: 3.170 GC heap after
{Heap after GC invocations=6 (full 0):
 garbage-first heap   total 236544K, used 20574K [0x0000000741600000, 0x0000000800000000)
  region size 1024K, 2 young (2048K), 2 survivors (2048K)
 Metaspace       used 35436K, capacity 35850K, committed 36048K, reserved 1081344K
  class space    used 4349K, capacity 4538K, committed 4608K, reserved 1048576K
}
Event: 5.481 GC heap before
{Heap before GC invocations=7 (full 0):
 garbage-first heap   total 236544K, used 101470K [0x0000000741600000, 0x0000000800000000)
  region size 1024K, 78 young (79872K), 2 survivors (2048K)
 Metaspace       used 49719K, capacity 50256K, committed 50512K, reserved 1093632K
  class space    used 5767K, capacity 5996K, committed 6016K, reserved 1048576K
}
Event: 5.497 GC heap after
{Heap after GC invocations=8 (full 0):
 garbage-first heap   total 236544K, used 32763K [0x0000000741600000, 0x0000000800000000)
  region size 1024K, 10 young (10240K), 10 survivors (10240K)
 Metaspace       used 49719K, capacity 50256K, committed 50512K, reserved 1093632K
  class space    used 5767K, capacity 5996K, committed 6016K, reserved 1048576K
}
Event: 8.766 GC heap before
{Heap before GC invocations=8 (full 0):
 garbage-first heap   total 236544K, used 124923K [0x0000000741600000, 0x0000000800000000)
  region size 1024K, 100 young (102400K), 10 survivors (10240K)
 Metaspace       used 59585K, capacity 60328K, committed 60368K, reserved 1101824K
  class space    used 6809K, capacity 7136K, committed 7168K, reserved 1048576K
}
Event: 8.789 GC heap after
{Heap after GC invocations=9 (full 0):
 garbage-first heap   total 236544K, used 44553K [0x0000000741600000, 0x0000000800000000)
  region size 1024K, 12 young (12288K), 12 survivors (12288K)
 Metaspace       used 59585K, capacity 60328K, committed 60368K, reserved 1101824K
  class space    used 6809K, capacity 7136K, committed 7168K, reserved 1048576K
}
Event: 8.934 GC heap before
{Heap before GC invocations=9 (full 0):
 garbage-first heap   total 236544K, used 51721K [0x0000000741600000, 0x0000000800000000)
  region size 1024K, 20 young (20480K), 12 survivors (12288K)
 Metaspace       used 59660K, capacity 60456K, committed 60508K, reserved 1103872K
  class space    used 6809K, capacity 7136K, committed 7168K, reserved 1048576K
}
Event: 8.950 GC heap after
{Heap after GC invocations=10 (full 0):
 garbage-first heap   total 236544K, used 46870K [0x0000000741600000, 0x0000000800000000)
  region size 1024K, 3 young (3072K), 3 survivors (3072K)
 Metaspace       used 59660K, capacity 60456K, committed 60508K, reserved 1103872K
  class space    used 6809K, capacity 7136K, committed 7168K, reserved 1048576K
}
Event: 10.521 GC heap before
{Heap before GC invocations=11 (full 0):
 garbage-first heap   total 236544K, used 146198K [0x0000000741600000, 0x0000000800000000)
  region size 1024K, 100 young (102400K), 3 survivors (3072K)
 Metaspace       used 61404K, capacity 62226K, committed 62556K, reserved 1103872K
  class space    used 6998K, capacity 7342K, committed 7424K, reserved 1048576K
}
Event: 10.545 GC heap after
{Heap after GC invocations=12 (full 0):
 garbage-first heap   total 236544K, used 61196K [0x0000000741600000, 0x0000000800000000)
  region size 1024K, 13 young (13312K), 13 survivors (13312K)
 Metaspace       used 61404K, capacity 62226K, committed 62556K, reserved 1103872K
  class space    used 6998K, capacity 7342K, committed 7424K, reserved 1048576K
}
Event: 13.012 GC heap before
{Heap before GC invocations=12 (full 0):
 garbage-first heap   total 236544K, used 162572K [0x0000000741600000, 0x0000000800000000)
  region size 1024K, 111 young (113664K), 13 survivors (13312K)
 Metaspace       used 67115K, capacity 67973K, committed 68188K, reserved 1110016K
  class space    used 7499K, capacity 7843K, committed 7936K, reserved 1048576K
}
Event: 13.043 GC heap after
{Heap after GC invocations=13 (full 0):
 garbage-first heap   total 284672K, used 69632K [0x0000000741600000, 0x0000000800000000)
  region size 1024K, 8 young (8192K), 8 survivors (8192K)
 Metaspace       used 67115K, capacity 67973K, committed 68188K, reserved 1110016K
  class space    used 7499K, capacity 7843K, committed 7936K, reserved 1048576K
}

